<?xml version="1.0" encoding="UTF-8"?>
<!-- Generated by org.testng.reporters.JUnitReportReporter -->
<testsuite hostname="AnandRaj" failures="0" tests="3" name="org.test.Client" time="0.013" errors="0" timestamp="29 Aug 2022 14:34:03 GMT" skipped="0">
  <testcase classname="org.test.Client" name="tc11" time="0.009"/>
  <testcase classname="org.test.Client" name="tc22" time="0.003"/>
  <testcase classname="org.test.Client" name="tc44" time="0.001"/>
</testsuite> <!-- org.test.Client -->
