<?xml version="1.0" encoding="UTF-8"?>
<!-- Generated by org.testng.reporters.JUnitReportReporter -->
<testsuite hostname="AnandRaj" failures="0" tests="4" name="org.test.Softset" time="0.017" errors="0" timestamp="30 Aug 2022 07:30:43 GMT" skipped="0">
  <testcase classname="org.test.Softset" name="tc3" time="0.000"/>
  <testcase classname="org.test.Softset" name="tc2" time="0.008"/>
  <testcase classname="org.test.Softset" name="tc4" time="0.000"/>
  <testcase classname="org.test.Softset" name="tc1" time="0.009"/>
</testsuite> <!-- org.test.Softset -->
