<?xml version="1.0" encoding="UTF-8"?>
<!-- Generated by org.testng.reporters.JUnitReportReporter -->
<testsuite hostname="AnandRaj" failures="0" tests="4" name="org.test.Emp" time="0.013" errors="0" timestamp="07 Sep 2022 05:07:26 GMT" skipped="0">
  <testcase classname="org.test.Emp" name="tc2" time="0.002"/>
  <testcase classname="org.test.Emp" name="tc1" time="0.008"/>
  <testcase classname="org.test.Emp" name="tc3" time="0.001"/>
  <testcase classname="org.test.Emp" name="tc4" time="0.002"/>
</testsuite> <!-- org.test.Emp -->
