<?xml version="1.0" encoding="UTF-8"?>
<!-- Generated by org.testng.reporters.JUnitReportReporter -->
<testsuite hostname="AnandRaj" failures="0" tests="4" name="org.test.Company" time="0.012" errors="0" timestamp="07 Sep 2022 05:07:26 GMT" skipped="0">
  <testcase classname="org.test.Company" name="tc44" time="0.001"/>
  <testcase classname="org.test.Company" name="tc22" time="0.002"/>
  <testcase classname="org.test.Company" name="tc33" time="0.001"/>
  <testcase classname="org.test.Company" name="tc11" time="0.008"/>
</testsuite> <!-- org.test.Company -->
