<?xml version="1.0" encoding="UTF-8"?>
<!-- Generated by org.testng.reporters.JUnitReportReporter -->
<testsuite hostname="AnandRaj" failures="0" tests="2" name="org.test.ParameterConcept" time="26.829" errors="0" timestamp="06 Sep 2022 06:49:22 GMT" skipped="0">
  <testcase classname="org.test.ParameterConcept" name="tc2" time="7.835"/>
  <testcase classname="org.test.ParameterConcept" name="tc1" time="18.994"/>
</testsuite> <!-- org.test.ParameterConcept -->
