<?xml version="1.0" encoding="UTF-8"?>
<!-- Generated by org.testng.reporters.JUnitReportReporter -->
<testsuite hostname="AnandRaj" failures="0" tests="3" name="org.test.BrowserLaunch" time="278.371" errors="0" timestamp="07 Sep 2022 07:02:38 GMT" skipped="0">
  <testcase classname="org.test.BrowserLaunch" name="tc1" time="25.105"/>
  <testcase classname="org.test.BrowserLaunch" name="tc1" time="175.531"/>
  <testcase classname="org.test.BrowserLaunch" name="tc1" time="77.735"/>
</testsuite> <!-- org.test.BrowserLaunch -->
