<?xml version="1.0" encoding="UTF-8"?>
<!-- Generated by org.testng.reporters.JUnitReportReporter -->
<testsuite hostname="AnandRaj" failures="0" tests="1" name="org.test.Employe" time="0.008" errors="0" timestamp="05 Sep 2022 08:50:49 GMT" skipped="0">
  <testcase classname="org.test.Employe" name="tc4" time="0.008"/>
</testsuite> <!-- org.test.Employe -->
